# JRE version: Java(TM) SE Runtime Environment (17.0.11+7) (build 17.0.11+7-LTS-207)
# Java VM: Java HotSpot(TM) 64-Bit Server VM (17.0.11+7-LTS-207, mixed mode, emulated-client, sharing, tiered, compressed oops, compressed class ptrs, g1 gc, bsd-aarch64)
GC Precious Log:
 CPUs: 8 total, 8 available
 Memory: 8192M
 Large Page Support: Disabled
 NUMA Support: Disabled
 Compressed Oops: Enabled (Zero based)
 Heap Region Size: 1M
 Heap Min Capacity: 8M
 Heap Initial Capacity: 128M
 Heap Max Capacity: 2G
 Pre-touch: Disabled
 Parallel Workers: 8
 Concurrent Workers: 2
 Concurrent Refinement Workers: 8
 Periodic GC: Disabled
Heap:
 garbage-first heap   total 63488K, used 23652K [0x0000000780000000, 0x0000000800000000)
  region size 1024K, 8 young (8192K), 3 survivors (3072K)
 Metaspace       used 34679K, committed 35200K, reserved 1114112K
  class space    used 4962K, committed 5248K, reserved 1048576K
GC Heap History (14 events):
Event: 0.328 GC heap before
{Heap before GC invocations=0 (full 0):
 garbage-first heap   total 133120K, used 24544K [0x0000000780000000, 0x0000000800000000)
  region size 1024K, 23 young (23552K), 0 survivors (0K)
 Metaspace       used 7986K, committed 8192K, reserved 1114112K
  class space    used 1029K, committed 1152K, reserved 1048576K
}
Event: 0.332 GC heap after
{Heap after GC invocations=1 (full 0):
 garbage-first heap   total 133120K, used 5913K [0x0000000780000000, 0x0000000800000000)
  region size 1024K, 3 young (3072K), 3 survivors (3072K)
 Metaspace       used 7986K, committed 8192K, reserved 1114112K
  class space    used 1029K, committed 1152K, reserved 1048576K
}
Event: 0.507 GC heap before
{Heap before GC invocations=1 (full 0):
 garbage-first heap   total 133120K, used 40729K [0x0000000780000000, 0x0000000800000000)
  region size 1024K, 38 young (38912K), 3 survivors (3072K)
 Metaspace       used 15608K, committed 15808K, reserved 1114112K
  class space    used 2072K, committed 2176K, reserved 1048576K
}
Event: 0.509 GC heap after
{Heap after GC invocations=2 (full 0):
 garbage-first heap   total 133120K, used 8493K [0x0000000780000000, 0x0000000800000000)
  region size 1024K, 3 young (3072K), 3 survivors (3072K)
 Metaspace       used 15608K, committed 15808K, reserved 1114112K
  class space    used 2072K, committed 2176K, reserved 1048576K
}
Event: 0.787 GC heap before
{Heap before GC invocations=2 (full 0):
 garbage-first heap   total 133120K, used 66861K [0x0000000780000000, 0x0000000800000000)
  region size 1024K, 61 young (62464K), 3 survivors (3072K)
 Metaspace       used 21239K, committed 21504K, reserved 1114112K
  class space    used 2938K, committed 3072K, reserved 1048576K
}
Event: 0.790 GC heap after
{Heap after GC invocations=3 (full 0):
 garbage-first heap   total 133120K, used 12642K [0x0000000780000000, 0x0000000800000000)
  region size 1024K, 7 young (7168K), 7 survivors (7168K)
 Metaspace       used 21239K, committed 21504K, reserved 1114112K
  class space    used 2938K, committed 3072K, reserved 1048576K
}
Event: 0.934 GC heap before
{Heap before GC invocations=4 (full 0):
 garbage-first heap   total 51200K, used 39266K [0x0000000780000000, 0x0000000800000000)
  region size 1024K, 34 young (34816K), 7 survivors (7168K)
 Metaspace       used 25830K, committed 26304K, reserved 1114112K
  class space    used 3592K, committed 3776K, reserved 1048576K
}
Event: 0.938 GC heap after
{Heap after GC invocations=5 (full 0):
 garbage-first heap   total 52224K, used 15269K [0x0000000780000000, 0x0000000800000000)
  region size 1024K, 7 young (7168K), 7 survivors (7168K)
 Metaspace       used 25830K, committed 26304K, reserved 1114112K
  class space    used 3592K, committed 3776K, reserved 1048576K
}
Event: 0.944 GC heap before
{Heap before GC invocations=5 (full 0):
 garbage-first heap   total 52224K, used 16293K [0x0000000780000000, 0x0000000800000000)
  region size 1024K, 8 young (8192K), 7 survivors (7168K)
 Metaspace       used 25996K, committed 26432K, reserved 1114112K
  class space    used 3616K, committed 3776K, reserved 1048576K
}
Event: 0.946 GC heap after
{Heap after GC invocations=6 (full 0):
 garbage-first heap   total 63488K, used 15722K [0x0000000780000000, 0x0000000800000000)
  region size 1024K, 1 young (1024K), 1 survivors (1024K)
 Metaspace       used 25996K, committed 26432K, reserved 1114112K
  class space    used 3616K, committed 3776K, reserved 1048576K
}
Event: 1.080 GC heap before
{Heap before GC invocations=6 (full 0):
 garbage-first heap   total 63488K, used 43370K [0x0000000780000000, 0x0000000800000000)
  region size 1024K, 28 young (28672K), 1 survivors (1024K)
 Metaspace       used 29570K, committed 30016K, reserved 1114112K
  class space    used 4185K, committed 4416K, reserved 1048576K
}
Event: 1.082 GC heap after
{Heap after GC invocations=7 (full 0):
 garbage-first heap   total 63488K, used 17616K [0x0000000780000000, 0x0000000800000000)
  region size 1024K, 3 young (3072K), 3 survivors (3072K)
 Metaspace       used 29570K, committed 30016K, reserved 1114112K
  class space    used 4185K, committed 4416K, reserved 1048576K
}
Event: 2.106 GC heap before
{Heap before GC invocations=7 (full 0):
 garbage-first heap   total 63488K, used 44240K [0x0000000780000000, 0x0000000800000000)
  region size 1024K, 29 young (29696K), 3 survivors (3072K)
 Metaspace       used 33528K, committed 34048K, reserved 1114112K
  class space    used 4780K, committed 5056K, reserved 1048576K
}
Event: 2.108 GC heap after
{Heap after GC invocations=8 (full 0):
 garbage-first heap   total 63488K, used 19556K [0x0000000780000000, 0x0000000800000000)
  region size 1024K, 3 young (3072K), 3 survivors (3072K)
 Metaspace       used 33528K, committed 34048K, reserved 1114112K
  class space    used 4780K, committed 5056K, reserved 1048576K
}

